[06-Dec-2025 21:08:02 Asia/Jakarta] PHP Fatal error:  Uncaught Error: Call to undefined function isLoggedIn() in D:\laragon\www\dino-management\dashboard.php:8
Stack trace:
#0 {main}
  thrown in D:\laragon\www\dino-management\dashboard.php on line 8
[06-Dec-2025 21:10:05 Asia/Jakarta] PHP Fatal error:  Uncaught Error: Call to undefined function isLoggedIn() in D:\laragon\www\dino-management\dashboard.php:8
Stack trace:
#0 {main}
  thrown in D:\laragon\www\dino-management\dashboard.php on line 8
[06-Dec-2025 21:10:10 Asia/Jakarta] PHP Fatal error:  Uncaught Error: Call to undefined function isLoggedIn() in D:\laragon\www\dino-management\dashboard.php:8
Stack trace:
#0 {main}
  thrown in D:\laragon\www\dino-management\dashboard.php on line 8
[06-Dec-2025 21:10:15 Asia/Jakarta] PHP Fatal error:  Uncaught Error: Call to undefined function isLoggedIn() in D:\laragon\www\dino-management\index.php:7
Stack trace:
#0 {main}
  thrown in D:\laragon\www\dino-management\index.php on line 7
[06-Dec-2025 21:10:19 Asia/Jakarta] PHP Fatal error:  Uncaught Error: Call to undefined function isLoggedIn() in D:\laragon\www\dino-management\index.php:7
Stack trace:
#0 {main}
  thrown in D:\laragon\www\dino-management\index.php on line 7
[06-Dec-2025 21:10:31 Asia/Jakarta] PHP Fatal error:  Uncaught Error: Call to undefined function isLoggedIn() in D:\laragon\www\dino-management\index.php:7
Stack trace:
#0 {main}
  thrown in D:\laragon\www\dino-management\index.php on line 7
[06-Dec-2025 21:10:33 Asia/Jakarta] PHP Fatal error:  Uncaught Error: Call to undefined function isLoggedIn() in D:\laragon\www\dino-management\index.php:7
Stack trace:
#0 {main}
  thrown in D:\laragon\www\dino-management\index.php on line 7
[06-Dec-2025 21:10:39 Asia/Jakarta] PHP Fatal error:  Uncaught Error: Call to undefined function isLoggedIn() in D:\laragon\www\dino-management\dashboard.php:8
Stack trace:
#0 {main}
  thrown in D:\laragon\www\dino-management\dashboard.php on line 8
[07-Dec-2025 14:45:13 Asia/Jakarta] PHP Fatal error:  Uncaught PDOException: SQLSTATE[42S22]: Column not found: 1054 Unknown column 'j.metode' in 'field list' in D:\laragon\www\dino-management\modules\penjualan\index.php:81
Stack trace:
#0 D:\laragon\www\dino-management\modules\penjualan\index.php(81): PDO->prepare('SELECT j.id, j....')
#1 {main}
  thrown in D:\laragon\www\dino-management\modules\penjualan\index.php on line 81
[07-Dec-2025 14:45:19 Asia/Jakarta] PHP Fatal error:  Uncaught PDOException: SQLSTATE[42S22]: Column not found: 1054 Unknown column 'metode' in 'field list' in D:\laragon\www\dino-management\modules\penjualan\riwayat.php:23
Stack trace:
#0 D:\laragon\www\dino-management\modules\penjualan\riwayat.php(23): PDO->prepare('SELECT id, tang...')
#1 {main}
  thrown in D:\laragon\www\dino-management\modules\penjualan\riwayat.php on line 23
[07-Dec-2025 14:45:21 Asia/Jakarta] PHP Fatal error:  Uncaught PDOException: SQLSTATE[42S22]: Column not found: 1054 Unknown column 'j.metode' in 'field list' in D:\laragon\www\dino-management\modules\penjualan\index.php:81
Stack trace:
#0 D:\laragon\www\dino-management\modules\penjualan\index.php(81): PDO->prepare('SELECT j.id, j....')
#1 {main}
  thrown in D:\laragon\www\dino-management\modules\penjualan\index.php on line 81
[07-Dec-2025 14:46:51 Asia/Jakarta] PHP Fatal error:  Uncaught PDOException: SQLSTATE[42S22]: Column not found: 1054 Unknown column 'metode' in 'field list' in D:\laragon\www\dino-management\modules\penjualan\riwayat.php:23
Stack trace:
#0 D:\laragon\www\dino-management\modules\penjualan\riwayat.php(23): PDO->prepare('SELECT id, tang...')
#1 {main}
  thrown in D:\laragon\www\dino-management\modules\penjualan\riwayat.php on line 23
[07-Dec-2025 14:47:14 Asia/Jakarta] PHP Fatal error:  Uncaught PDOException: SQLSTATE[42S22]: Column not found: 1054 Unknown column 'j.metode' in 'field list' in D:\laragon\www\dino-management\modules\penjualan\index.php:81
Stack trace:
#0 D:\laragon\www\dino-management\modules\penjualan\index.php(81): PDO->prepare('SELECT j.id, j....')
#1 {main}
  thrown in D:\laragon\www\dino-management\modules\penjualan\index.php on line 81
[07-Dec-2025 14:47:16 Asia/Jakarta] SQLSTATE[42S22]: Column not found: 1054 Unknown column 'metode' in 'field list'
[07-Dec-2025 14:47:16 Asia/Jakarta] PHP Fatal error:  Uncaught PDOException: SQLSTATE[42S22]: Column not found: 1054 Unknown column 'j.metode' in 'field list' in D:\laragon\www\dino-management\modules\penjualan\index.php:81
Stack trace:
#0 D:\laragon\www\dino-management\modules\penjualan\index.php(81): PDO->prepare('SELECT j.id, j....')
#1 {main}
  thrown in D:\laragon\www\dino-management\modules\penjualan\index.php on line 81
[07-Dec-2025 14:47:19 Asia/Jakarta] PHP Fatal error:  Uncaught PDOException: SQLSTATE[42S22]: Column not found: 1054 Unknown column 'j.metode' in 'field list' in D:\laragon\www\dino-management\modules\penjualan\index.php:81
Stack trace:
#0 D:\laragon\www\dino-management\modules\penjualan\index.php(81): PDO->prepare('SELECT j.id, j....')
#1 {main}
  thrown in D:\laragon\www\dino-management\modules\penjualan\index.php on line 81
[07-Dec-2025 14:47:24 Asia/Jakarta] PHP Fatal error:  Uncaught PDOException: SQLSTATE[42S22]: Column not found: 1054 Unknown column 'metode' in 'field list' in D:\laragon\www\dino-management\modules\penjualan\riwayat.php:23
Stack trace:
#0 D:\laragon\www\dino-management\modules\penjualan\riwayat.php(23): PDO->prepare('SELECT id, tang...')
#1 {main}
  thrown in D:\laragon\www\dino-management\modules\penjualan\riwayat.php on line 23
[07-Dec-2025 14:47:27 Asia/Jakarta] PHP Fatal error:  Uncaught PDOException: SQLSTATE[42S22]: Column not found: 1054 Unknown column 'j.metode' in 'field list' in D:\laragon\www\dino-management\modules\penjualan\index.php:81
Stack trace:
#0 D:\laragon\www\dino-management\modules\penjualan\index.php(81): PDO->prepare('SELECT j.id, j....')
#1 {main}
  thrown in D:\laragon\www\dino-management\modules\penjualan\index.php on line 81
[07-Dec-2025 14:48:17 Asia/Jakarta] PHP Fatal error:  Uncaught PDOException: SQLSTATE[42S22]: Column not found: 1054 Unknown column 'metode' in 'field list' in D:\laragon\www\dino-management\modules\penjualan\riwayat.php:23
Stack trace:
#0 D:\laragon\www\dino-management\modules\penjualan\riwayat.php(23): PDO->prepare('SELECT id, tang...')
#1 {main}
  thrown in D:\laragon\www\dino-management\modules\penjualan\riwayat.php on line 23
[07-Dec-2025 14:48:24 Asia/Jakarta] PHP Fatal error:  Uncaught PDOException: SQLSTATE[42S22]: Column not found: 1054 Unknown column 'j.metode' in 'field list' in D:\laragon\www\dino-management\modules\penjualan\index.php:81
Stack trace:
#0 D:\laragon\www\dino-management\modules\penjualan\index.php(81): PDO->prepare('SELECT j.id, j....')
#1 {main}
  thrown in D:\laragon\www\dino-management\modules\penjualan\index.php on line 81
[07-Dec-2025 14:51:39 Asia/Jakarta] SQLSTATE[HY000]: General error: 1364 Field 'kode_transaksi' doesn't have a default value
[07-Dec-2025 14:54:03 Asia/Jakarta] SQLSTATE[HY000]: General error: 1364 Field 'kode_transaksi' doesn't have a default value
[07-Dec-2025 14:55:41 Asia/Jakarta] SQLSTATE[HY000]: General error: 1364 Field 'kode_transaksi' doesn't have a default value
[07-Dec-2025 14:56:02 Asia/Jakarta] SQLSTATE[HY000]: General error: 1364 Field 'kode_transaksi' doesn't have a default value
[07-Dec-2025 14:59:30 Asia/Jakarta] Penjualan insert attempt failed: SQLSTATE[42S22]: Column not found: 1054 Unknown column 'metode' in 'field list'
[07-Dec-2025 14:59:30 Asia/Jakarta] Penjualan insert attempt failed: SQLSTATE[HY000]: General error: 1364 Field 'waktu' doesn't have a default value
[07-Dec-2025 14:59:30 Asia/Jakarta] Penjualan insert attempt failed: SQLSTATE[42S22]: Column not found: 1054 Unknown column 'metode' in 'field list'
[07-Dec-2025 14:59:30 Asia/Jakarta] Penjualan insert attempt failed: SQLSTATE[HY000]: General error: 1364 Field 'kode_transaksi' doesn't have a default value
[07-Dec-2025 14:59:30 Asia/Jakarta] Gagal menyimpan penjualan (tidak ada skema yang cocok)
[07-Dec-2025 15:06:03 Asia/Jakarta] Penjualan insert attempt failed: SQLSTATE[42S22]: Column not found: 1054 Unknown column 'metode' in 'field list'
[07-Dec-2025 15:06:03 Asia/Jakarta] Penjualan insert attempt failed: SQLSTATE[HY000]: General error: 1364 Field 'waktu' doesn't have a default value
[07-Dec-2025 15:06:03 Asia/Jakarta] Penjualan insert attempt failed: SQLSTATE[42S22]: Column not found: 1054 Unknown column 'metode' in 'field list'
[07-Dec-2025 15:06:03 Asia/Jakarta] Penjualan insert attempt failed: SQLSTATE[HY000]: General error: 1364 Field 'kode_transaksi' doesn't have a default value
[07-Dec-2025 15:06:03 Asia/Jakarta] Gagal menyimpan penjualan (tidak ada skema yang cocok)
[07-Dec-2025 15:08:58 Asia/Jakarta] SQLSTATE[HY000]: General error: 1364 Field 'waktu' doesn't have a default value
[07-Dec-2025 15:09:08 Asia/Jakarta] SQLSTATE[HY000]: General error: 1364 Field 'waktu' doesn't have a default value
[07-Dec-2025 15:10:18 Asia/Jakarta] SQLSTATE[HY000]: General error: 1364 Field 'waktu' doesn't have a default value
[07-Dec-2025 15:21:05 Asia/Jakarta] Variant 1 failed: SQLSTATE[42S22]: Column not found: 1054 Unknown column 'metode' in 'field list'
[07-Dec-2025 15:21:05 Asia/Jakarta] Penjualan INSERT variant 2 (with waktu) succeeded
[07-Dec-2025 15:21:05 Asia/Jakarta] SQLSTATE[42S22]: Column not found: 1054 Unknown column 'harga' in 'field list'
[07-Dec-2025 15:21:24 Asia/Jakarta] Variant 1 failed: SQLSTATE[42S22]: Column not found: 1054 Unknown column 'metode' in 'field list'
[07-Dec-2025 15:21:24 Asia/Jakarta] Penjualan INSERT variant 2 (with waktu) succeeded
[07-Dec-2025 15:21:24 Asia/Jakarta] SQLSTATE[42S22]: Column not found: 1054 Unknown column 'harga' in 'field list'
[07-Dec-2025 15:27:11 Asia/Jakarta] Variant 1 failed: SQLSTATE[42S22]: Column not found: 1054 Unknown column 'metode' in 'field list'
[07-Dec-2025 15:27:11 Asia/Jakarta] Penjualan INSERT variant 2 (with waktu) succeeded
[07-Dec-2025 15:27:11 Asia/Jakarta] SQLSTATE[42S22]: Column not found: 1054 Unknown column 'harga_jual' in 'field list'
[07-Dec-2025 15:28:18 Asia/Jakarta] Variant 1 failed: SQLSTATE[42S22]: Column not found: 1054 Unknown column 'metode' in 'field list'
[07-Dec-2025 15:28:18 Asia/Jakarta] Penjualan INSERT variant 2 (with waktu) succeeded
[07-Dec-2025 15:28:18 Asia/Jakarta] SQLSTATE[HY000]: General error: 1364 Field 'subtotal' doesn't have a default value
[07-Dec-2025 15:29:34 Asia/Jakarta] Variant 1 failed: SQLSTATE[42S22]: Column not found: 1054 Unknown column 'metode' in 'field list'
[07-Dec-2025 15:29:34 Asia/Jakarta] Penjualan INSERT variant 2 (with waktu) succeeded
[07-Dec-2025 15:29:34 Asia/Jakarta] SQLSTATE[HY000]: General error: 1364 Field 'subtotal' doesn't have a default value
[09-Dec-2025 10:26:42 Asia/Jakarta] Variant 1 failed: SQLSTATE[42S22]: Column not found: 1054 Unknown column 'metode' in 'field list'
[09-Dec-2025 10:26:42 Asia/Jakarta] Penjualan INSERT variant 2 (with waktu) succeeded
[09-Dec-2025 10:26:42 Asia/Jakarta] SQLSTATE[HY000]: General error: 1364 Field 'subtotal' doesn't have a default value
[09-Dec-2025 10:29:06 Asia/Jakarta] Variant 1 failed: SQLSTATE[42S22]: Column not found: 1054 Unknown column 'metode' in 'field list'
[09-Dec-2025 10:29:06 Asia/Jakarta] Penjualan INSERT variant 2 (with waktu) succeeded
[09-Dec-2025 10:29:06 Asia/Jakarta] SQLSTATE[HY000]: General error: 1364 Field 'subtotal' doesn't have a default value
[09-Dec-2025 10:41:08 Asia/Jakarta] PHP Warning:  Undefined array key "harga_jual" in D:\laragon\www\dino-management\modules\penjualan\detail.php on line 51
[09-Dec-2025 10:41:08 Asia/Jakarta] PHP Deprecated:  number_format(): Passing null to parameter #1 ($num) of type float is deprecated in D:\laragon\www\dino-management\config\functions.php on line 79
[09-Dec-2025 10:42:24 Asia/Jakarta] PHP Warning:  Undefined array key "harga_jual" in D:\laragon\www\dino-management\modules\penjualan\detail.php on line 51
[09-Dec-2025 10:42:24 Asia/Jakarta] PHP Deprecated:  number_format(): Passing null to parameter #1 ($num) of type float is deprecated in D:\laragon\www\dino-management\config\functions.php on line 79
[09-Dec-2025 10:42:32 Asia/Jakarta] PHP Warning:  Undefined array key "harga_jual" in D:\laragon\www\dino-management\modules\penjualan\detail.php on line 51
[09-Dec-2025 10:42:32 Asia/Jakarta] PHP Deprecated:  number_format(): Passing null to parameter #1 ($num) of type float is deprecated in D:\laragon\www\dino-management\config\functions.php on line 79
[09-Dec-2025 10:53:14 Asia/Jakarta] PHP Warning:  Undefined array key "harga_jual" in D:\laragon\www\dino-management\modules\penjualan\detail.php on line 51
[09-Dec-2025 10:53:14 Asia/Jakarta] PHP Deprecated:  number_format(): Passing null to parameter #1 ($num) of type float is deprecated in D:\laragon\www\dino-management\config\functions.php on line 79
[09-Dec-2025 10:54:08 Asia/Jakarta] PHP Warning:  Undefined array key "harga_jual" in D:\laragon\www\dino-management\modules\penjualan\detail.php on line 51
[09-Dec-2025 10:54:08 Asia/Jakarta] PHP Deprecated:  number_format(): Passing null to parameter #1 ($num) of type float is deprecated in D:\laragon\www\dino-management\config\functions.php on line 79
[09-Dec-2025 10:54:25 Asia/Jakarta] PHP Warning:  Undefined array key "harga_jual" in D:\laragon\www\dino-management\modules\penjualan\detail.php on line 51
[09-Dec-2025 10:54:25 Asia/Jakarta] PHP Deprecated:  number_format(): Passing null to parameter #1 ($num) of type float is deprecated in D:\laragon\www\dino-management\config\functions.php on line 79
[09-Dec-2025 10:54:55 Asia/Jakarta] PHP Warning:  Undefined array key "harga_jual" in D:\laragon\www\dino-management\modules\penjualan\detail.php on line 51
[09-Dec-2025 10:54:55 Asia/Jakarta] PHP Deprecated:  number_format(): Passing null to parameter #1 ($num) of type float is deprecated in D:\laragon\www\dino-management\config\functions.php on line 79
[09-Dec-2025 10:55:14 Asia/Jakarta] PHP Warning:  Undefined array key "harga_jual" in D:\laragon\www\dino-management\modules\penjualan\detail.php on line 51
[09-Dec-2025 10:55:14 Asia/Jakarta] PHP Deprecated:  number_format(): Passing null to parameter #1 ($num) of type float is deprecated in D:\laragon\www\dino-management\config\functions.php on line 79
[09-Dec-2025 11:11:12 Asia/Jakarta] PHP Warning:  Undefined array key "harga_jual" in D:\laragon\www\dino-management\modules\penjualan\detail.php on line 51
[09-Dec-2025 11:11:12 Asia/Jakarta] PHP Deprecated:  number_format(): Passing null to parameter #1 ($num) of type float is deprecated in D:\laragon\www\dino-management\config\functions.php on line 79
[09-Dec-2025 11:11:27 Asia/Jakarta] PHP Warning:  Undefined array key "harga_jual" in D:\laragon\www\dino-management\modules\penjualan\detail.php on line 51
[09-Dec-2025 11:11:27 Asia/Jakarta] PHP Deprecated:  number_format(): Passing null to parameter #1 ($num) of type float is deprecated in D:\laragon\www\dino-management\config\functions.php on line 79
[09-Dec-2025 11:18:53 Asia/Jakarta] PHP Warning:  Undefined array key "harga_jual" in D:\laragon\www\dino-management\modules\penjualan\detail.php on line 51
[09-Dec-2025 11:18:53 Asia/Jakarta] PHP Deprecated:  number_format(): Passing null to parameter #1 ($num) of type float is deprecated in D:\laragon\www\dino-management\config\functions.php on line 79
[09-Dec-2025 11:19:06 Asia/Jakarta] PHP Warning:  Undefined array key "harga_jual" in D:\laragon\www\dino-management\modules\penjualan\detail.php on line 51
[09-Dec-2025 11:19:06 Asia/Jakarta] PHP Deprecated:  number_format(): Passing null to parameter #1 ($num) of type float is deprecated in D:\laragon\www\dino-management\config\functions.php on line 79
[09-Dec-2025 11:19:16 Asia/Jakarta] PHP Warning:  Undefined array key "harga_jual" in D:\laragon\www\dino-management\modules\penjualan\detail.php on line 51
[09-Dec-2025 11:19:16 Asia/Jakarta] PHP Deprecated:  number_format(): Passing null to parameter #1 ($num) of type float is deprecated in D:\laragon\www\dino-management\config\functions.php on line 79
[09-Dec-2025 11:19:29 Asia/Jakarta] PHP Warning:  Undefined array key "harga_jual" in D:\laragon\www\dino-management\modules\penjualan\detail.php on line 51
[09-Dec-2025 11:19:29 Asia/Jakarta] PHP Deprecated:  number_format(): Passing null to parameter #1 ($num) of type float is deprecated in D:\laragon\www\dino-management\config\functions.php on line 79
[09-Dec-2025 11:19:51 Asia/Jakarta] PHP Warning:  Undefined array key "harga_jual" in D:\laragon\www\dino-management\modules\penjualan\detail.php on line 51
[09-Dec-2025 11:19:51 Asia/Jakarta] PHP Deprecated:  number_format(): Passing null to parameter #1 ($num) of type float is deprecated in D:\laragon\www\dino-management\config\functions.php on line 79
[09-Dec-2025 11:20:00 Asia/Jakarta] PHP Warning:  Undefined array key "harga_jual" in D:\laragon\www\dino-management\modules\penjualan\detail.php on line 51
[09-Dec-2025 11:20:00 Asia/Jakarta] PHP Deprecated:  number_format(): Passing null to parameter #1 ($num) of type float is deprecated in D:\laragon\www\dino-management\config\functions.php on line 79
[09-Dec-2025 11:21:32 Asia/Jakarta] PHP Warning:  Undefined array key "harga_jual" in D:\laragon\www\dino-management\modules\penjualan\detail.php on line 51
[09-Dec-2025 11:21:32 Asia/Jakarta] PHP Deprecated:  number_format(): Passing null to parameter #1 ($num) of type float is deprecated in D:\laragon\www\dino-management\config\functions.php on line 79
[09-Dec-2025 11:21:51 Asia/Jakarta] PHP Warning:  Undefined array key "harga_jual" in D:\laragon\www\dino-management\modules\penjualan\detail.php on line 51
[09-Dec-2025 11:21:51 Asia/Jakarta] PHP Deprecated:  number_format(): Passing null to parameter #1 ($num) of type float is deprecated in D:\laragon\www\dino-management\config\functions.php on line 79
[09-Dec-2025 11:23:04 Asia/Jakarta] PHP Warning:  Undefined array key "harga_jual" in D:\laragon\www\dino-management\modules\penjualan\detail.php on line 51
[09-Dec-2025 11:23:04 Asia/Jakarta] PHP Deprecated:  number_format(): Passing null to parameter #1 ($num) of type float is deprecated in D:\laragon\www\dino-management\config\functions.php on line 79
[09-Dec-2025 11:23:27 Asia/Jakarta] PHP Warning:  Undefined array key "harga_jual" in D:\laragon\www\dino-management\modules\penjualan\detail.php on line 51
[09-Dec-2025 11:23:27 Asia/Jakarta] PHP Deprecated:  number_format(): Passing null to parameter #1 ($num) of type float is deprecated in D:\laragon\www\dino-management\config\functions.php on line 79
[09-Dec-2025 11:23:44 Asia/Jakarta] PHP Warning:  Undefined array key "harga_jual" in D:\laragon\www\dino-management\modules\penjualan\detail.php on line 51
[09-Dec-2025 11:23:44 Asia/Jakarta] PHP Deprecated:  number_format(): Passing null to parameter #1 ($num) of type float is deprecated in D:\laragon\www\dino-management\config\functions.php on line 79
[09-Dec-2025 11:23:59 Asia/Jakarta] PHP Warning:  Undefined array key "harga_jual" in D:\laragon\www\dino-management\modules\penjualan\detail.php on line 51
[09-Dec-2025 11:23:59 Asia/Jakarta] PHP Deprecated:  number_format(): Passing null to parameter #1 ($num) of type float is deprecated in D:\laragon\www\dino-management\config\functions.php on line 79
[09-Dec-2025 11:27:39 Asia/Jakarta] PHP Warning:  Undefined array key "harga_jual" in D:\laragon\www\dino-management\modules\penjualan\detail.php on line 51
[09-Dec-2025 11:27:39 Asia/Jakarta] PHP Deprecated:  number_format(): Passing null to parameter #1 ($num) of type float is deprecated in D:\laragon\www\dino-management\config\functions.php on line 79
[09-Dec-2025 11:34:19 Asia/Jakarta] PHP Warning:  Undefined array key "harga_jual" in D:\laragon\www\dino-management\modules\penjualan\detail.php on line 62
[09-Dec-2025 11:34:19 Asia/Jakarta] PHP Deprecated:  number_format(): Passing null to parameter #1 ($num) of type float is deprecated in D:\laragon\www\dino-management\config\functions.php on line 79
[09-Dec-2025 11:34:39 Asia/Jakarta] PHP Warning:  Undefined array key "harga_jual" in D:\laragon\www\dino-management\modules\penjualan\detail.php on line 62
[09-Dec-2025 11:34:39 Asia/Jakarta] PHP Deprecated:  number_format(): Passing null to parameter #1 ($num) of type float is deprecated in D:\laragon\www\dino-management\config\functions.php on line 79
[09-Dec-2025 11:34:49 Asia/Jakarta] PHP Warning:  Undefined array key "harga_jual" in D:\laragon\www\dino-management\modules\penjualan\detail.php on line 62
[09-Dec-2025 11:34:49 Asia/Jakarta] PHP Deprecated:  number_format(): Passing null to parameter #1 ($num) of type float is deprecated in D:\laragon\www\dino-management\config\functions.php on line 79
[09-Dec-2025 11:39:44 Asia/Jakarta] PHP Fatal error:  Uncaught TypeError: number_format(): Argument #1 ($num) must be of type float, string given in D:\laragon\www\dino-management\config\functions.php:79
Stack trace:
#0 D:\laragon\www\dino-management\config\functions.php(79): number_format('Es teh big regu...', 0, ',', '.')
#1 D:\laragon\www\dino-management\modules\penjualan\riwayat.php(60): formatRupiah('Es teh big regu...')
#2 {main}
  thrown in D:\laragon\www\dino-management\config\functions.php on line 79
[09-Dec-2025 11:41:51 Asia/Jakarta] PHP Warning:  Undefined array key "harga_jual" in D:\laragon\www\dino-management\modules\penjualan\detail.php on line 62
[09-Dec-2025 11:41:51 Asia/Jakarta] PHP Deprecated:  number_format(): Passing null to parameter #1 ($num) of type float is deprecated in D:\laragon\www\dino-management\config\functions.php on line 79
[09-Dec-2025 11:47:25 Asia/Jakarta] PHP Warning:  Undefined array key "harga_jual" in D:\laragon\www\dino-management\modules\penjualan\detail.php on line 62
[09-Dec-2025 11:47:25 Asia/Jakarta] PHP Deprecated:  number_format(): Passing null to parameter #1 ($num) of type float is deprecated in D:\laragon\www\dino-management\config\functions.php on line 79
[09-Dec-2025 14:26:16 Asia/Jakarta] PHP Warning:  Undefined array key "harga_jual" in D:\laragon\www\dino-management\modules\penjualan\detail.php on line 62
[09-Dec-2025 14:26:16 Asia/Jakarta] PHP Deprecated:  number_format(): Passing null to parameter #1 ($num) of type float is deprecated in D:\laragon\www\dino-management\config\functions.php on line 79
[09-Dec-2025 14:28:03 Asia/Jakarta] PHP Warning:  Undefined array key "harga_jual" in D:\laragon\www\dino-management\modules\penjualan\detail.php on line 62
[09-Dec-2025 14:28:03 Asia/Jakarta] PHP Deprecated:  number_format(): Passing null to parameter #1 ($num) of type float is deprecated in D:\laragon\www\dino-management\config\functions.php on line 79
[09-Dec-2025 14:33:44 Asia/Jakarta] PHP Warning:  Undefined variable $pen in D:\laragon\www\dino-management\modules\penjualan\detail.php on line 49
[09-Dec-2025 14:33:44 Asia/Jakarta] PHP Warning:  Trying to access array offset on value of type null in D:\laragon\www\dino-management\modules\penjualan\detail.php on line 49
[09-Dec-2025 14:33:44 Asia/Jakarta] PHP Warning:  Undefined variable $pen in D:\laragon\www\dino-management\modules\penjualan\detail.php on line 62
[09-Dec-2025 14:33:44 Asia/Jakarta] PHP Warning:  Trying to access array offset on value of type null in D:\laragon\www\dino-management\modules\penjualan\detail.php on line 62
[09-Dec-2025 14:33:44 Asia/Jakarta] PHP Warning:  Undefined variable $pen in D:\laragon\www\dino-management\modules\penjualan\detail.php on line 64
[09-Dec-2025 14:33:44 Asia/Jakarta] PHP Warning:  Trying to access array offset on value of type null in D:\laragon\www\dino-management\modules\penjualan\detail.php on line 64
[09-Dec-2025 14:33:44 Asia/Jakarta] PHP Deprecated:  number_format(): Passing null to parameter #1 ($num) of type float is deprecated in D:\laragon\www\dino-management\config\functions.php on line 79
[09-Dec-2025 14:33:44 Asia/Jakarta] PHP Warning:  Undefined variable $details in D:\laragon\www\dino-management\modules\penjualan\detail.php on line 72
[09-Dec-2025 14:33:44 Asia/Jakarta] PHP Warning:  foreach() argument must be of type array|object, null given in D:\laragon\www\dino-management\modules\penjualan\detail.php on line 72
[09-Dec-2025 14:34:10 Asia/Jakarta] PHP Warning:  Undefined variable $pen in D:\laragon\www\dino-management\modules\penjualan\detail.php on line 49
[09-Dec-2025 14:34:10 Asia/Jakarta] PHP Warning:  Trying to access array offset on value of type null in D:\laragon\www\dino-management\modules\penjualan\detail.php on line 49
[09-Dec-2025 14:34:10 Asia/Jakarta] PHP Warning:  Undefined variable $pen in D:\laragon\www\dino-management\modules\penjualan\detail.php on line 62
[09-Dec-2025 14:34:10 Asia/Jakarta] PHP Warning:  Trying to access array offset on value of type null in D:\laragon\www\dino-management\modules\penjualan\detail.php on line 62
[09-Dec-2025 14:34:10 Asia/Jakarta] PHP Warning:  Undefined variable $pen in D:\laragon\www\dino-management\modules\penjualan\detail.php on line 64
[09-Dec-2025 14:34:10 Asia/Jakarta] PHP Warning:  Trying to access array offset on value of type null in D:\laragon\www\dino-management\modules\penjualan\detail.php on line 64
[09-Dec-2025 14:34:10 Asia/Jakarta] PHP Deprecated:  number_format(): Passing null to parameter #1 ($num) of type float is deprecated in D:\laragon\www\dino-management\config\functions.php on line 79
[09-Dec-2025 14:34:10 Asia/Jakarta] PHP Warning:  Undefined variable $details in D:\laragon\www\dino-management\modules\penjualan\detail.php on line 72
[09-Dec-2025 14:34:10 Asia/Jakarta] PHP Warning:  foreach() argument must be of type array|object, null given in D:\laragon\www\dino-management\modules\penjualan\detail.php on line 72
[10-Dec-2025 11:32:42 Asia/Jakarta] PHP Fatal error:  Uncaught PDOException: SQLSTATE[42S02]: Base table or view not found: 1146 Table 'dino_management.kategori_produk' doesn't exist in D:\laragon\www\dino-management\modules\produk\index.php:72
Stack trace:
#0 D:\laragon\www\dino-management\modules\produk\index.php(72): PDO->prepare('SELECT \r\n    p....')
#1 {main}
  thrown in D:\laragon\www\dino-management\modules\produk\index.php on line 72
[10-Dec-2025 11:33:28 Asia/Jakarta] PHP Fatal error:  Uncaught PDOException: SQLSTATE[42S02]: Base table or view not found: 1146 Table 'dino_management.kategori_produk' doesn't exist in D:\laragon\www\dino-management\modules\produk\index.php:72
Stack trace:
#0 D:\laragon\www\dino-management\modules\produk\index.php(72): PDO->prepare('SELECT \r\n    p....')
#1 {main}
  thrown in D:\laragon\www\dino-management\modules\produk\index.php on line 72
[10-Dec-2025 11:33:33 Asia/Jakarta] PHP Fatal error:  Uncaught PDOException: SQLSTATE[42S02]: Base table or view not found: 1146 Table 'dino_management.kategori_produk' doesn't exist in D:\laragon\www\dino-management\modules\produk\index.php:72
Stack trace:
#0 D:\laragon\www\dino-management\modules\produk\index.php(72): PDO->prepare('SELECT \r\n    p....')
#1 {main}
  thrown in D:\laragon\www\dino-management\modules\produk\index.php on line 72
[10-Dec-2025 11:37:51 Asia/Jakarta] PHP Fatal error:  Uncaught PDOException: SQLSTATE[42S02]: Base table or view not found: 1146 Table 'dino_management.kategori_produk' doesn't exist in D:\laragon\www\dino-management\modules\produk\index.php:72
Stack trace:
#0 D:\laragon\www\dino-management\modules\produk\index.php(72): PDO->prepare('SELECT \r\n    p....')
#1 {main}
  thrown in D:\laragon\www\dino-management\modules\produk\index.php on line 72
[10-Dec-2025 11:40:54 Asia/Jakarta] PHP Fatal error:  Uncaught PDOException: SQLSTATE[42S02]: Base table or view not found: 1146 Table 'dino_management.kategori_produk' doesn't exist in D:\laragon\www\dino-management\modules\produk\index.php:109
Stack trace:
#0 D:\laragon\www\dino-management\modules\produk\index.php(109): PDO->prepare('SELECT id, nama...')
#1 {main}
  thrown in D:\laragon\www\dino-management\modules\produk\index.php on line 109
[10-Dec-2025 11:41:41 Asia/Jakarta] PHP Fatal error:  Uncaught PDOException: SQLSTATE[42S02]: Base table or view not found: 1146 Table 'dino_management.kategori_produk' doesn't exist in D:\laragon\www\dino-management\modules\produk\index.php:72
Stack trace:
#0 D:\laragon\www\dino-management\modules\produk\index.php(72): PDO->prepare('SELECT \r\n    p....')
#1 {main}
  thrown in D:\laragon\www\dino-management\modules\produk\index.php on line 72
[10-Dec-2025 11:41:46 Asia/Jakarta] PHP Fatal error:  Uncaught PDOException: SQLSTATE[42S02]: Base table or view not found: 1146 Table 'dino_management.kategori_produk' doesn't exist in D:\laragon\www\dino-management\modules\produk\tambah.php:15
Stack trace:
#0 D:\laragon\www\dino-management\modules\produk\tambah.php(15): PDO->query('SELECT id, nama...')
#1 {main}
  thrown in D:\laragon\www\dino-management\modules\produk\tambah.php on line 15
[10-Dec-2025 11:41:48 Asia/Jakarta] PHP Fatal error:  Uncaught PDOException: SQLSTATE[42S02]: Base table or view not found: 1146 Table 'dino_management.kategori_produk' doesn't exist in D:\laragon\www\dino-management\modules\produk\index.php:72
Stack trace:
#0 D:\laragon\www\dino-management\modules\produk\index.php(72): PDO->prepare('SELECT \r\n    p....')
#1 {main}
  thrown in D:\laragon\www\dino-management\modules\produk\index.php on line 72
[10-Dec-2025 11:41:50 Asia/Jakarta] PHP Fatal error:  Uncaught PDOException: SQLSTATE[42S02]: Base table or view not found: 1146 Table 'dino_management.kategori_produk' doesn't exist in D:\laragon\www\dino-management\modules\produk\index.php:72
Stack trace:
#0 D:\laragon\www\dino-management\modules\produk\index.php(72): PDO->prepare('SELECT \r\n    p....')
#1 {main}
  thrown in D:\laragon\www\dino-management\modules\produk\index.php on line 72
[10-Dec-2025 11:41:55 Asia/Jakarta] PHP Fatal error:  Uncaught PDOException: SQLSTATE[42S02]: Base table or view not found: 1146 Table 'dino_management.kategori_produk' doesn't exist in D:\laragon\www\dino-management\modules\produk\index.php:72
Stack trace:
#0 D:\laragon\www\dino-management\modules\produk\index.php(72): PDO->prepare('SELECT \r\n    p....')
#1 {main}
  thrown in D:\laragon\www\dino-management\modules\produk\index.php on line 72
[10-Dec-2025 11:41:57 Asia/Jakarta] PHP Fatal error:  Uncaught PDOException: SQLSTATE[42S02]: Base table or view not found: 1146 Table 'dino_management.kategori_produk' doesn't exist in D:\laragon\www\dino-management\modules\produk\tambah.php:15
Stack trace:
#0 D:\laragon\www\dino-management\modules\produk\tambah.php(15): PDO->query('SELECT id, nama...')
#1 {main}
  thrown in D:\laragon\www\dino-management\modules\produk\tambah.php on line 15
[10-Dec-2025 11:41:59 Asia/Jakarta] PHP Fatal error:  Uncaught PDOException: SQLSTATE[42S02]: Base table or view not found: 1146 Table 'dino_management.kategori_produk' doesn't exist in D:\laragon\www\dino-management\modules\produk\tambah.php:15
Stack trace:
#0 D:\laragon\www\dino-management\modules\produk\tambah.php(15): PDO->query('SELECT id, nama...')
#1 {main}
  thrown in D:\laragon\www\dino-management\modules\produk\tambah.php on line 15
[10-Dec-2025 11:42:00 Asia/Jakarta] PHP Fatal error:  Uncaught PDOException: SQLSTATE[42S02]: Base table or view not found: 1146 Table 'dino_management.kategori_produk' doesn't exist in D:\laragon\www\dino-management\modules\produk\index.php:72
Stack trace:
#0 D:\laragon\www\dino-management\modules\produk\index.php(72): PDO->prepare('SELECT \r\n    p....')
#1 {main}
  thrown in D:\laragon\www\dino-management\modules\produk\index.php on line 72
[10-Dec-2025 11:42:02 Asia/Jakarta] PHP Fatal error:  Uncaught PDOException: SQLSTATE[42S02]: Base table or view not found: 1146 Table 'dino_management.kategori_produk' doesn't exist in D:\laragon\www\dino-management\modules\produk\detail.php:19
Stack trace:
#0 D:\laragon\www\dino-management\modules\produk\detail.php(19): PDO->prepare('SELECT p.*, k.n...')
#1 {main}
  thrown in D:\laragon\www\dino-management\modules\produk\detail.php on line 19
[10-Dec-2025 11:42:03 Asia/Jakarta] PHP Fatal error:  Uncaught PDOException: SQLSTATE[42S02]: Base table or view not found: 1146 Table 'dino_management.kategori_produk' doesn't exist in D:\laragon\www\dino-management\modules\produk\index.php:72
Stack trace:
#0 D:\laragon\www\dino-management\modules\produk\index.php(72): PDO->prepare('SELECT \r\n    p....')
#1 {main}
  thrown in D:\laragon\www\dino-management\modules\produk\index.php on line 72
[10-Dec-2025 12:00:43 Asia/Jakarta] PHP Fatal error:  Uncaught PDOException: SQLSTATE[23000]: Integrity constraint violation: 1451 Cannot delete or update a parent row: a foreign key constraint fails (`dino_management`.`detail_penjualan`, CONSTRAINT `detail_penjualan_ibfk_2` FOREIGN KEY (`produk_id`) REFERENCES `produk` (`id`)) in D:\laragon\www\dino-management\modules\produk\hapus.php:43
Stack trace:
#0 D:\laragon\www\dino-management\modules\produk\hapus.php(43): PDOStatement->execute()
#1 {main}
  thrown in D:\laragon\www\dino-management\modules\produk\hapus.php on line 43
[11-Dec-2025 15:05:35 Asia/Jakarta] PHP Fatal error:  Uncaught PDOException: SQLSTATE[HY093]: Invalid parameter number in D:\laragon\www\dino-management\modules\laporan\pendapatan.php:113
Stack trace:
#0 D:\laragon\www\dino-management\modules\laporan\pendapatan.php(113): PDOStatement->execute(Array)
#1 {main}
  thrown in D:\laragon\www\dino-management\modules\laporan\pendapatan.php on line 113
[11-Dec-2025 15:05:50 Asia/Jakarta] PHP Fatal error:  Uncaught PDOException: SQLSTATE[HY093]: Invalid parameter number in D:\laragon\www\dino-management\modules\laporan\pendapatan.php:113
Stack trace:
#0 D:\laragon\www\dino-management\modules\laporan\pendapatan.php(113): PDOStatement->execute(Array)
#1 {main}
  thrown in D:\laragon\www\dino-management\modules\laporan\pendapatan.php on line 113
[11-Dec-2025 15:06:03 Asia/Jakarta] PHP Fatal error:  Uncaught PDOException: SQLSTATE[HY093]: Invalid parameter number in D:\laragon\www\dino-management\modules\laporan\pendapatan.php:113
Stack trace:
#0 D:\laragon\www\dino-management\modules\laporan\pendapatan.php(113): PDOStatement->execute(Array)
#1 {main}
  thrown in D:\laragon\www\dino-management\modules\laporan\pendapatan.php on line 113
[11-Dec-2025 15:08:28 Asia/Jakarta] PHP Fatal error:  Uncaught PDOException: SQLSTATE[HY093]: Invalid parameter number in D:\laragon\www\dino-management\modules\laporan\pendapatan.php:113
Stack trace:
#0 D:\laragon\www\dino-management\modules\laporan\pendapatan.php(113): PDOStatement->execute(Array)
#1 {main}
  thrown in D:\laragon\www\dino-management\modules\laporan\pendapatan.php on line 113
[11-Dec-2025 15:09:43 Asia/Jakarta] PHP Fatal error:  Uncaught PDOException: SQLSTATE[HY093]: Invalid parameter number in D:\laragon\www\dino-management\modules\laporan\pendapatan.php:113
Stack trace:
#0 D:\laragon\www\dino-management\modules\laporan\pendapatan.php(113): PDOStatement->execute(Array)
#1 {main}
  thrown in D:\laragon\www\dino-management\modules\laporan\pendapatan.php on line 113
[11-Dec-2025 16:51:02 Asia/Jakarta] PHP Fatal error:  Uncaught PDOException: SQLSTATE[42S22]: Column not found: 1054 Unknown column 'total_qty' in 'order clause' in D:\laragon\www\dino-management\modules\laporan\pendapatan-produk.php:147
Stack trace:
#0 D:\laragon\www\dino-management\modules\laporan\pendapatan-produk.php(147): PDO->prepare('SELECT \r\n      ...')
#1 {main}
  thrown in D:\laragon\www\dino-management\modules\laporan\pendapatan-produk.php on line 147
[11-Dec-2025 17:00:11 Asia/Jakarta] PHP Warning:  Undefined variable $total_pendapatan_all in D:\laragon\www\dino-management\modules\laporan\pendapatan-produk.php on line 397
[11-Dec-2025 17:00:11 Asia/Jakarta] PHP Deprecated:  number_format(): Passing null to parameter #1 ($num) of type float is deprecated in D:\laragon\www\dino-management\config\functions.php on line 79
[12-Dec-2025 08:33:23 Asia/Jakarta] PHP Warning:  Undefined variable $total_pendapatan_all in D:\laragon\www\dino-management\modules\laporan\pendapatan-produk.php on line 397
[12-Dec-2025 08:33:23 Asia/Jakarta] PHP Deprecated:  number_format(): Passing null to parameter #1 ($num) of type float is deprecated in D:\laragon\www\dino-management\config\functions.php on line 79
[12-Dec-2025 08:35:44 Asia/Jakarta] PHP Warning:  Undefined variable $total_pendapatan_all in D:\laragon\www\dino-management\modules\laporan\pendapatan-produk.php on line 397
[12-Dec-2025 08:35:44 Asia/Jakarta] PHP Deprecated:  number_format(): Passing null to parameter #1 ($num) of type float is deprecated in D:\laragon\www\dino-management\config\functions.php on line 79
[17-Dec-2025 09:44:20 Asia/Jakarta] PHP Fatal error:  Uncaught Dompdf\Exception: Parent table not found for table cell in D:\laragon\www\dino-management\vendor\dompdf\vendor\dompdf\dompdf\src\FrameReflower\TableCell.php:40
Stack trace:
#0 D:\laragon\www\dino-management\vendor\dompdf\vendor\dompdf\dompdf\src\FrameDecorator\AbstractFrameDecorator.php(915): Dompdf\FrameReflower\TableCell->reflow(Object(Dompdf\FrameDecorator\Block))
#1 D:\laragon\www\dino-management\vendor\dompdf\vendor\dompdf\dompdf\src\FrameReflower\Block.php(865): Dompdf\FrameDecorator\AbstractFrameDecorator->reflow(Object(Dompdf\FrameDecorator\Block))
#2 D:\laragon\www\dino-management\vendor\dompdf\vendor\dompdf\dompdf\src\FrameDecorator\AbstractFrameDecorator.php(915): Dompdf\FrameReflower\Block->reflow(Object(Dompdf\FrameDecorator\Block))
#3 D:\laragon\www\dino-management\vendor\dompdf\vendor\dompdf\dompdf\src\FrameReflower\Block.php(865): Dompdf\FrameDecorator\AbstractFrameDecorator->reflow(Object(Dompdf\FrameDecorator\Block))
#4 D:\laragon\www\dino-management\vendor\dompdf\vendor\dompdf\dompdf\src\FrameDecorator\AbstractFrameDecorator.php(915): Dompdf\FrameReflower\Block->reflow(NULL)
#5 D:\laragon\www\dino-management\vendor\dompdf\vendor\dompdf\dompdf\src\FrameReflower\Page.php(141): Dompdf\FrameDecorator\AbstractFrameDecorator->reflow()
#6 D:\laragon\www\dino-management\vendor\dompdf\vendor\dompdf\dompdf\src\FrameDecorator\AbstractFrameDecorator.php(915): Dompdf\FrameReflower\Page->reflow(NULL)
#7 D:\laragon\www\dino-management\vendor\dompdf\vendor\dompdf\dompdf\src\Dompdf.php(815): Dompdf\FrameDecorator\AbstractFrameDecorator->reflow()
#8 D:\laragon\www\dino-management\modules\DomPDF\pendapatan-produk-pdf.php(724): Dompdf\Dompdf->render()
#9 {main}
  thrown in D:\laragon\www\dino-management\vendor\dompdf\vendor\dompdf\dompdf\src\FrameReflower\TableCell.php on line 40
[18-Dec-2025 16:50:59 Asia/Jakarta] PHP Warning:  include(../../includes/footer.php): Failed to open stream: No such file or directory in D:\laragon\www\dino-management\dashboard.php on line 1285
[18-Dec-2025 16:50:59 Asia/Jakarta] PHP Warning:  include(): Failed opening '../../includes/footer.php' for inclusion (include_path='.;D:/laragon/etc/php/pear') in D:\laragon\www\dino-management\dashboard.php on line 1285
[18-Dec-2025 16:58:26 Asia/Jakarta] PHP Warning:  include(../includes/footer.php): Failed to open stream: No such file or directory in D:\laragon\www\dino-management\dashboard.php on line 1285
[18-Dec-2025 16:58:26 Asia/Jakarta] PHP Warning:  include(): Failed opening '../includes/footer.php' for inclusion (include_path='.;D:/laragon/etc/php/pear') in D:\laragon\www\dino-management\dashboard.php on line 1285
[18-Dec-2025 17:00:53 Asia/Jakarta] PHP Warning:  Undefined variable $current_page in D:\laragon\www\dino-management\includes\footer.php on line 112
[18-Dec-2025 17:00:53 Asia/Jakarta] PHP Warning:  Undefined variable $current_page in D:\laragon\www\dino-management\includes\footer.php on line 117
[18-Dec-2025 17:00:53 Asia/Jakarta] PHP Warning:  Undefined variable $current_page in D:\laragon\www\dino-management\includes\footer.php on line 122
[18-Dec-2025 17:00:53 Asia/Jakarta] PHP Warning:  Undefined variable $current_page in D:\laragon\www\dino-management\includes\footer.php on line 501
[18-Dec-2025 17:00:53 Asia/Jakarta] PHP Warning:  Undefined variable $current_page in D:\laragon\www\dino-management\includes\footer.php on line 112
[18-Dec-2025 17:00:53 Asia/Jakarta] PHP Warning:  Undefined variable $current_page in D:\laragon\www\dino-management\includes\footer.php on line 117
[18-Dec-2025 17:00:53 Asia/Jakarta] PHP Warning:  Undefined variable $current_page in D:\laragon\www\dino-management\includes\footer.php on line 122
[18-Dec-2025 17:00:53 Asia/Jakarta] PHP Warning:  Undefined variable $current_page in D:\laragon\www\dino-management\includes\footer.php on line 501
[18-Dec-2025 17:01:03 Asia/Jakarta] PHP Warning:  Undefined variable $current_page in D:\laragon\www\dino-management\includes\footer.php on line 112
[18-Dec-2025 17:01:03 Asia/Jakarta] PHP Warning:  Undefined variable $current_page in D:\laragon\www\dino-management\includes\footer.php on line 117
[18-Dec-2025 17:01:03 Asia/Jakarta] PHP Warning:  Undefined variable $current_page in D:\laragon\www\dino-management\includes\footer.php on line 122
[18-Dec-2025 17:01:03 Asia/Jakarta] PHP Warning:  Undefined variable $current_page in D:\laragon\www\dino-management\includes\footer.php on line 501
[18-Dec-2025 17:01:03 Asia/Jakarta] PHP Warning:  Undefined variable $current_page in D:\laragon\www\dino-management\includes\footer.php on line 112
[18-Dec-2025 17:01:03 Asia/Jakarta] PHP Warning:  Undefined variable $current_page in D:\laragon\www\dino-management\includes\footer.php on line 117
[18-Dec-2025 17:01:03 Asia/Jakarta] PHP Warning:  Undefined variable $current_page in D:\laragon\www\dino-management\includes\footer.php on line 122
[18-Dec-2025 17:01:03 Asia/Jakarta] PHP Warning:  Undefined variable $current_page in D:\laragon\www\dino-management\includes\footer.php on line 501
[18-Dec-2025 17:01:08 Asia/Jakarta] PHP Warning:  Undefined variable $current_page in D:\laragon\www\dino-management\includes\footer.php on line 112
[18-Dec-2025 17:01:08 Asia/Jakarta] PHP Warning:  Undefined variable $current_page in D:\laragon\www\dino-management\includes\footer.php on line 117
[18-Dec-2025 17:01:08 Asia/Jakarta] PHP Warning:  Undefined variable $current_page in D:\laragon\www\dino-management\includes\footer.php on line 122
[18-Dec-2025 17:01:08 Asia/Jakarta] PHP Warning:  Undefined variable $current_page in D:\laragon\www\dino-management\includes\footer.php on line 501
[18-Dec-2025 17:01:08 Asia/Jakarta] PHP Warning:  Undefined variable $current_page in D:\laragon\www\dino-management\includes\footer.php on line 112
[18-Dec-2025 17:01:08 Asia/Jakarta] PHP Warning:  Undefined variable $current_page in D:\laragon\www\dino-management\includes\footer.php on line 117
[18-Dec-2025 17:01:08 Asia/Jakarta] PHP Warning:  Undefined variable $current_page in D:\laragon\www\dino-management\includes\footer.php on line 122
[18-Dec-2025 17:01:08 Asia/Jakarta] PHP Warning:  Undefined variable $current_page in D:\laragon\www\dino-management\includes\footer.php on line 501
[18-Dec-2025 17:01:23 Asia/Jakarta] PHP Warning:  include(../../includes/footer.php): Failed to open stream: No such file or directory in D:\laragon\www\dino-management\dashboard.php on line 1285
[18-Dec-2025 17:01:23 Asia/Jakarta] PHP Warning:  include(): Failed opening '../../includes/footer.php' for inclusion (include_path='.;D:/laragon/etc/php/pear') in D:\laragon\www\dino-management\dashboard.php on line 1285
[18-Dec-2025 17:01:37 Asia/Jakarta] PHP Warning:  include(../../includes/footer.php): Failed to open stream: No such file or directory in D:\laragon\www\dino-management\dashboard.php on line 1285
[18-Dec-2025 17:01:37 Asia/Jakarta] PHP Warning:  include(): Failed opening '../../includes/footer.php' for inclusion (include_path='.;D:/laragon/etc/php/pear') in D:\laragon\www\dino-management\dashboard.php on line 1285
[21-Dec-2025 18:52:40 Asia/Jakarta] PHP Fatal error:  Uncaught PDOException: SQLSTATE[42S22]: Column not found: 1054 Unknown column 'gambar' in 'field list' in D:\laragon\www\dino-management\modules\penjualan\index.php:16
Stack trace:
#0 D:\laragon\www\dino-management\modules\penjualan\index.php(16): PDO->prepare('SELECT id, nama...')
#1 {main}
  thrown in D:\laragon\www\dino-management\modules\penjualan\index.php on line 16
[21-Dec-2025 18:52:47 Asia/Jakarta] PHP Fatal error:  Uncaught PDOException: SQLSTATE[42S22]: Column not found: 1054 Unknown column 'gambar' in 'field list' in D:\laragon\www\dino-management\modules\penjualan\index.php:16
Stack trace:
#0 D:\laragon\www\dino-management\modules\penjualan\index.php(16): PDO->prepare('SELECT id, nama...')
#1 {main}
  thrown in D:\laragon\www\dino-management\modules\penjualan\index.php on line 16
[21-Dec-2025 18:52:47 Asia/Jakarta] PHP Fatal error:  Uncaught PDOException: SQLSTATE[42S22]: Column not found: 1054 Unknown column 'gambar' in 'field list' in D:\laragon\www\dino-management\modules\penjualan\index.php:16
Stack trace:
#0 D:\laragon\www\dino-management\modules\penjualan\index.php(16): PDO->prepare('SELECT id, nama...')
#1 {main}
  thrown in D:\laragon\www\dino-management\modules\penjualan\index.php on line 16
[21-Dec-2025 19:19:23 Asia/Jakarta] PHP Fatal error:  Uncaught Error: Call to undefined function getColorFromText() in D:\laragon\www\dino-management\modules\penjualan\index.php:623
Stack trace:
#0 {main}
  thrown in D:\laragon\www\dino-management\modules\penjualan\index.php on line 623
[21-Dec-2025 19:19:23 Asia/Jakarta] PHP Fatal error:  Uncaught Error: Call to undefined function getColorFromText() in D:\laragon\www\dino-management\modules\penjualan\index.php:623
Stack trace:
#0 {main}
  thrown in D:\laragon\www\dino-management\modules\penjualan\index.php on line 623
[21-Dec-2025 19:19:26 Asia/Jakarta] PHP Fatal error:  Uncaught Error: Call to undefined function getColorFromText() in D:\laragon\www\dino-management\modules\penjualan\index.php:623
Stack trace:
#0 {main}
  thrown in D:\laragon\www\dino-management\modules\penjualan\index.php on line 623
[21-Dec-2025 19:38:04 Asia/Jakarta] PHP Warning:  Undefined variable $image_url in D:\laragon\www\dino-management\modules\penjualan\index.php on line 698
[21-Dec-2025 19:38:04 Asia/Jakarta] PHP Warning:  Undefined variable $image_url in D:\laragon\www\dino-management\modules\penjualan\index.php on line 698
[21-Dec-2025 19:38:04 Asia/Jakarta] PHP Warning:  Undefined variable $image_url in D:\laragon\www\dino-management\modules\penjualan\index.php on line 698
[21-Dec-2025 19:38:04 Asia/Jakarta] PHP Warning:  Undefined variable $image_url in D:\laragon\www\dino-management\modules\penjualan\index.php on line 698
[21-Dec-2025 19:38:10 Asia/Jakarta] PHP Warning:  Undefined variable $image_url in D:\laragon\www\dino-management\modules\penjualan\index.php on line 698
[21-Dec-2025 19:38:10 Asia/Jakarta] PHP Warning:  Undefined variable $image_url in D:\laragon\www\dino-management\modules\penjualan\index.php on line 698
[21-Dec-2025 19:38:10 Asia/Jakarta] PHP Warning:  Undefined variable $image_url in D:\laragon\www\dino-management\modules\penjualan\index.php on line 698
[21-Dec-2025 19:38:10 Asia/Jakarta] PHP Warning:  Undefined variable $image_url in D:\laragon\www\dino-management\modules\penjualan\index.php on line 698
[21-Dec-2025 19:38:11 Asia/Jakarta] PHP Warning:  Undefined variable $image_url in D:\laragon\www\dino-management\modules\penjualan\index.php on line 698
[21-Dec-2025 19:38:11 Asia/Jakarta] PHP Warning:  Undefined variable $image_url in D:\laragon\www\dino-management\modules\penjualan\index.php on line 698
[21-Dec-2025 19:38:11 Asia/Jakarta] PHP Warning:  Undefined variable $image_url in D:\laragon\www\dino-management\modules\penjualan\index.php on line 698
[21-Dec-2025 19:38:11 Asia/Jakarta] PHP Warning:  Undefined variable $image_url in D:\laragon\www\dino-management\modules\penjualan\index.php on line 698
[21-Dec-2025 19:40:21 Asia/Jakarta] PHP Warning:  Undefined variable $image_url in D:\laragon\www\dino-management\modules\penjualan\index.php on line 698
[21-Dec-2025 19:40:21 Asia/Jakarta] PHP Warning:  Undefined variable $image_url in D:\laragon\www\dino-management\modules\penjualan\index.php on line 698
[21-Dec-2025 19:40:21 Asia/Jakarta] PHP Warning:  Undefined variable $image_url in D:\laragon\www\dino-management\modules\penjualan\index.php on line 698
[21-Dec-2025 19:40:21 Asia/Jakarta] PHP Warning:  Undefined variable $image_url in D:\laragon\www\dino-management\modules\penjualan\index.php on line 698
[21-Dec-2025 19:40:21 Asia/Jakarta] PHP Warning:  Undefined variable $image_url in D:\laragon\www\dino-management\modules\penjualan\index.php on line 698
[21-Dec-2025 19:54:09 Asia/Jakarta] PHP Warning:  Undefined variable $image_url in D:\laragon\www\dino-management\modules\penjualan\index.php on line 707
[21-Dec-2025 19:54:09 Asia/Jakarta] PHP Warning:  Undefined variable $image_url in D:\laragon\www\dino-management\modules\penjualan\index.php on line 707
[21-Dec-2025 19:54:09 Asia/Jakarta] PHP Warning:  Undefined variable $image_url in D:\laragon\www\dino-management\modules\penjualan\index.php on line 707
[21-Dec-2025 19:54:09 Asia/Jakarta] PHP Warning:  Undefined variable $image_url in D:\laragon\www\dino-management\modules\penjualan\index.php on line 707
[21-Dec-2025 19:54:09 Asia/Jakarta] PHP Warning:  Undefined variable $image_url in D:\laragon\www\dino-management\modules\penjualan\index.php on line 707
[21-Dec-2025 19:54:36 Asia/Jakarta] PHP Warning:  Undefined variable $image_url in D:\laragon\www\dino-management\modules\penjualan\index.php on line 707
[21-Dec-2025 19:54:36 Asia/Jakarta] PHP Warning:  Undefined variable $image_url in D:\laragon\www\dino-management\modules\penjualan\index.php on line 707
[21-Dec-2025 19:54:36 Asia/Jakarta] PHP Warning:  Undefined variable $image_url in D:\laragon\www\dino-management\modules\penjualan\index.php on line 707
[21-Dec-2025 19:54:36 Asia/Jakarta] PHP Warning:  Undefined variable $image_url in D:\laragon\www\dino-management\modules\penjualan\index.php on line 707
[21-Dec-2025 19:54:36 Asia/Jakarta] PHP Warning:  Undefined variable $image_url in D:\laragon\www\dino-management\modules\penjualan\index.php on line 707
[21-Dec-2025 19:54:41 Asia/Jakarta] PHP Warning:  Undefined variable $image_url in D:\laragon\www\dino-management\modules\penjualan\index.php on line 707
[21-Dec-2025 19:54:41 Asia/Jakarta] PHP Warning:  Undefined variable $image_url in D:\laragon\www\dino-management\modules\penjualan\index.php on line 707
[21-Dec-2025 19:54:41 Asia/Jakarta] PHP Warning:  Undefined variable $image_url in D:\laragon\www\dino-management\modules\penjualan\index.php on line 707
[21-Dec-2025 19:54:41 Asia/Jakarta] PHP Warning:  Undefined variable $image_url in D:\laragon\www\dino-management\modules\penjualan\index.php on line 707
[21-Dec-2025 19:54:41 Asia/Jakarta] PHP Warning:  Undefined variable $image_url in D:\laragon\www\dino-management\modules\penjualan\index.php on line 707
[21-Dec-2025 19:54:42 Asia/Jakarta] PHP Warning:  Undefined variable $image_url in D:\laragon\www\dino-management\modules\penjualan\index.php on line 707
[21-Dec-2025 19:54:42 Asia/Jakarta] PHP Warning:  Undefined variable $image_url in D:\laragon\www\dino-management\modules\penjualan\index.php on line 707
[21-Dec-2025 19:54:42 Asia/Jakarta] PHP Warning:  Undefined variable $image_url in D:\laragon\www\dino-management\modules\penjualan\index.php on line 707
[21-Dec-2025 19:54:42 Asia/Jakarta] PHP Warning:  Undefined variable $image_url in D:\laragon\www\dino-management\modules\penjualan\index.php on line 707
[21-Dec-2025 19:54:42 Asia/Jakarta] PHP Warning:  Undefined variable $image_url in D:\laragon\www\dino-management\modules\penjualan\index.php on line 707
[21-Dec-2025 20:05:08 Asia/Jakarta] PHP Warning:  Undefined variable $image_url in D:\laragon\www\dino-management\modules\penjualan\index.php on line 694
[21-Dec-2025 20:05:08 Asia/Jakarta] PHP Warning:  Undefined variable $image_url in D:\laragon\www\dino-management\modules\penjualan\index.php on line 694
[21-Dec-2025 20:05:08 Asia/Jakarta] PHP Warning:  Undefined variable $image_url in D:\laragon\www\dino-management\modules\penjualan\index.php on line 694
[21-Dec-2025 20:05:08 Asia/Jakarta] PHP Warning:  Undefined variable $image_url in D:\laragon\www\dino-management\modules\penjualan\index.php on line 694
[21-Dec-2025 20:05:08 Asia/Jakarta] PHP Warning:  Undefined variable $image_url in D:\laragon\www\dino-management\modules\penjualan\index.php on line 694
[21-Dec-2025 20:05:12 Asia/Jakarta] PHP Warning:  Undefined variable $image_url in D:\laragon\www\dino-management\modules\penjualan\index.php on line 694
[21-Dec-2025 20:05:12 Asia/Jakarta] PHP Warning:  Undefined variable $image_url in D:\laragon\www\dino-management\modules\penjualan\index.php on line 694
[21-Dec-2025 20:05:12 Asia/Jakarta] PHP Warning:  Undefined variable $image_url in D:\laragon\www\dino-management\modules\penjualan\index.php on line 694
[21-Dec-2025 20:05:12 Asia/Jakarta] PHP Warning:  Undefined variable $image_url in D:\laragon\www\dino-management\modules\penjualan\index.php on line 694
[21-Dec-2025 20:05:12 Asia/Jakarta] PHP Warning:  Undefined variable $image_url in D:\laragon\www\dino-management\modules\penjualan\index.php on line 694
[21-Dec-2025 20:05:13 Asia/Jakarta] PHP Warning:  Undefined variable $image_url in D:\laragon\www\dino-management\modules\penjualan\index.php on line 694
[21-Dec-2025 20:05:13 Asia/Jakarta] PHP Warning:  Undefined variable $image_url in D:\laragon\www\dino-management\modules\penjualan\index.php on line 694
[21-Dec-2025 20:05:13 Asia/Jakarta] PHP Warning:  Undefined variable $image_url in D:\laragon\www\dino-management\modules\penjualan\index.php on line 694
[21-Dec-2025 20:05:13 Asia/Jakarta] PHP Warning:  Undefined variable $image_url in D:\laragon\www\dino-management\modules\penjualan\index.php on line 694
[21-Dec-2025 20:05:13 Asia/Jakarta] PHP Warning:  Undefined variable $image_url in D:\laragon\www\dino-management\modules\penjualan\index.php on line 694
[21-Dec-2025 20:06:36 Asia/Jakarta] PHP Warning:  Undefined variable $image_url in D:\laragon\www\dino-management\modules\penjualan\index.php on line 707
[21-Dec-2025 20:06:36 Asia/Jakarta] PHP Warning:  Undefined variable $image_url in D:\laragon\www\dino-management\modules\penjualan\index.php on line 707
[21-Dec-2025 20:06:36 Asia/Jakarta] PHP Warning:  Undefined variable $image_url in D:\laragon\www\dino-management\modules\penjualan\index.php on line 707
[21-Dec-2025 20:06:36 Asia/Jakarta] PHP Warning:  Undefined variable $image_url in D:\laragon\www\dino-management\modules\penjualan\index.php on line 707
[21-Dec-2025 20:06:36 Asia/Jakarta] PHP Warning:  Undefined variable $image_url in D:\laragon\www\dino-management\modules\penjualan\index.php on line 707
[21-Dec-2025 20:06:36 Asia/Jakarta] PHP Warning:  Undefined variable $image_url in D:\laragon\www\dino-management\modules\penjualan\index.php on line 707
[21-Dec-2025 20:06:36 Asia/Jakarta] PHP Warning:  Undefined variable $image_url in D:\laragon\www\dino-management\modules\penjualan\index.php on line 707
[21-Dec-2025 20:06:36 Asia/Jakarta] PHP Warning:  Undefined variable $image_url in D:\laragon\www\dino-management\modules\penjualan\index.php on line 707
[21-Dec-2025 20:06:36 Asia/Jakarta] PHP Warning:  Undefined variable $image_url in D:\laragon\www\dino-management\modules\penjualan\index.php on line 707
[21-Dec-2025 20:06:36 Asia/Jakarta] PHP Warning:  Undefined variable $image_url in D:\laragon\www\dino-management\modules\penjualan\index.php on line 707
[21-Dec-2025 20:06:37 Asia/Jakarta] PHP Warning:  Undefined variable $image_url in D:\laragon\www\dino-management\modules\penjualan\index.php on line 707
[21-Dec-2025 20:06:37 Asia/Jakarta] PHP Warning:  Undefined variable $image_url in D:\laragon\www\dino-management\modules\penjualan\index.php on line 707
[21-Dec-2025 20:06:37 Asia/Jakarta] PHP Warning:  Undefined variable $image_url in D:\laragon\www\dino-management\modules\penjualan\index.php on line 707
[21-Dec-2025 20:06:37 Asia/Jakarta] PHP Warning:  Undefined variable $image_url in D:\laragon\www\dino-management\modules\penjualan\index.php on line 707
[21-Dec-2025 20:06:37 Asia/Jakarta] PHP Warning:  Undefined variable $image_url in D:\laragon\www\dino-management\modules\penjualan\index.php on line 707
[21-Dec-2025 20:08:38 Asia/Jakarta] PHP Warning:  Undefined variable $image_url in D:\laragon\www\dino-management\modules\penjualan\index.php on line 707
[21-Dec-2025 20:08:38 Asia/Jakarta] PHP Warning:  Undefined variable $image_url in D:\laragon\www\dino-management\modules\penjualan\index.php on line 707
[21-Dec-2025 20:08:38 Asia/Jakarta] PHP Warning:  Undefined variable $image_url in D:\laragon\www\dino-management\modules\penjualan\index.php on line 707
[21-Dec-2025 20:08:38 Asia/Jakarta] PHP Warning:  Undefined variable $image_url in D:\laragon\www\dino-management\modules\penjualan\index.php on line 707
[21-Dec-2025 20:08:38 Asia/Jakarta] PHP Warning:  Undefined variable $image_url in D:\laragon\www\dino-management\modules\penjualan\index.php on line 707
[21-Dec-2025 20:09:14 Asia/Jakarta] PHP Warning:  Undefined variable $image_url in D:\laragon\www\dino-management\modules\penjualan\index.php on line 707
[21-Dec-2025 20:09:14 Asia/Jakarta] PHP Warning:  Undefined variable $image_url in D:\laragon\www\dino-management\modules\penjualan\index.php on line 707
[21-Dec-2025 20:09:14 Asia/Jakarta] PHP Warning:  Undefined variable $image_url in D:\laragon\www\dino-management\modules\penjualan\index.php on line 707
[21-Dec-2025 20:09:14 Asia/Jakarta] PHP Warning:  Undefined variable $image_url in D:\laragon\www\dino-management\modules\penjualan\index.php on line 707
[21-Dec-2025 20:09:14 Asia/Jakarta] PHP Warning:  Undefined variable $image_url in D:\laragon\www\dino-management\modules\penjualan\index.php on line 707
[21-Dec-2025 20:09:23 Asia/Jakarta] PHP Warning:  Undefined variable $image_url in D:\laragon\www\dino-management\modules\penjualan\index.php on line 707
[21-Dec-2025 20:09:23 Asia/Jakarta] PHP Warning:  Undefined variable $image_url in D:\laragon\www\dino-management\modules\penjualan\index.php on line 707
[21-Dec-2025 20:09:23 Asia/Jakarta] PHP Warning:  Undefined variable $image_url in D:\laragon\www\dino-management\modules\penjualan\index.php on line 707
[21-Dec-2025 20:09:23 Asia/Jakarta] PHP Warning:  Undefined variable $image_url in D:\laragon\www\dino-management\modules\penjualan\index.php on line 707
[21-Dec-2025 20:09:23 Asia/Jakarta] PHP Warning:  Undefined variable $image_url in D:\laragon\www\dino-management\modules\penjualan\index.php on line 707
[21-Dec-2025 20:09:31 Asia/Jakarta] PHP Warning:  Undefined variable $image_url in D:\laragon\www\dino-management\modules\penjualan\index.php on line 707
[21-Dec-2025 20:09:31 Asia/Jakarta] PHP Warning:  Undefined variable $image_url in D:\laragon\www\dino-management\modules\penjualan\index.php on line 707
[21-Dec-2025 20:09:31 Asia/Jakarta] PHP Warning:  Undefined variable $image_url in D:\laragon\www\dino-management\modules\penjualan\index.php on line 707
[21-Dec-2025 20:09:31 Asia/Jakarta] PHP Warning:  Undefined variable $image_url in D:\laragon\www\dino-management\modules\penjualan\index.php on line 707
[21-Dec-2025 20:09:31 Asia/Jakarta] PHP Warning:  Undefined variable $image_url in D:\laragon\www\dino-management\modules\penjualan\index.php on line 707
[21-Dec-2025 20:09:48 Asia/Jakarta] PHP Warning:  Undefined variable $image_url in D:\laragon\www\dino-management\modules\penjualan\index.php on line 707
[21-Dec-2025 20:09:48 Asia/Jakarta] PHP Warning:  Undefined variable $image_url in D:\laragon\www\dino-management\modules\penjualan\index.php on line 707
[21-Dec-2025 20:09:48 Asia/Jakarta] PHP Warning:  Undefined variable $image_url in D:\laragon\www\dino-management\modules\penjualan\index.php on line 707
[21-Dec-2025 20:09:48 Asia/Jakarta] PHP Warning:  Undefined variable $image_url in D:\laragon\www\dino-management\modules\penjualan\index.php on line 707
[21-Dec-2025 20:09:48 Asia/Jakarta] PHP Warning:  Undefined variable $image_url in D:\laragon\www\dino-management\modules\penjualan\index.php on line 707
[21-Dec-2025 20:09:58 Asia/Jakarta] PHP Warning:  Undefined variable $image_url in D:\laragon\www\dino-management\modules\penjualan\index.php on line 707
[21-Dec-2025 20:09:58 Asia/Jakarta] PHP Warning:  Undefined variable $image_url in D:\laragon\www\dino-management\modules\penjualan\index.php on line 707
[21-Dec-2025 20:09:58 Asia/Jakarta] PHP Warning:  Undefined variable $image_url in D:\laragon\www\dino-management\modules\penjualan\index.php on line 707
[21-Dec-2025 20:09:58 Asia/Jakarta] PHP Warning:  Undefined variable $image_url in D:\laragon\www\dino-management\modules\penjualan\index.php on line 707
[21-Dec-2025 20:09:58 Asia/Jakarta] PHP Warning:  Undefined variable $image_url in D:\laragon\www\dino-management\modules\penjualan\index.php on line 707
[21-Dec-2025 20:10:02 Asia/Jakarta] PHP Warning:  Undefined variable $image_url in D:\laragon\www\dino-management\modules\penjualan\index.php on line 707
[21-Dec-2025 20:10:02 Asia/Jakarta] PHP Warning:  Undefined variable $image_url in D:\laragon\www\dino-management\modules\penjualan\index.php on line 707
[21-Dec-2025 20:10:02 Asia/Jakarta] PHP Warning:  Undefined variable $image_url in D:\laragon\www\dino-management\modules\penjualan\index.php on line 707
[21-Dec-2025 20:10:02 Asia/Jakarta] PHP Warning:  Undefined variable $image_url in D:\laragon\www\dino-management\modules\penjualan\index.php on line 707
[21-Dec-2025 20:10:02 Asia/Jakarta] PHP Warning:  Undefined variable $image_url in D:\laragon\www\dino-management\modules\penjualan\index.php on line 707
[21-Dec-2025 20:12:39 Asia/Jakarta] PHP Warning:  Undefined variable $image_url in D:\laragon\www\dino-management\modules\penjualan\index.php on line 707
[21-Dec-2025 20:12:39 Asia/Jakarta] PHP Warning:  Undefined variable $image_url in D:\laragon\www\dino-management\modules\penjualan\index.php on line 707
[21-Dec-2025 20:12:39 Asia/Jakarta] PHP Warning:  Undefined variable $image_url in D:\laragon\www\dino-management\modules\penjualan\index.php on line 707
[21-Dec-2025 20:12:39 Asia/Jakarta] PHP Warning:  Undefined variable $image_url in D:\laragon\www\dino-management\modules\penjualan\index.php on line 707
[21-Dec-2025 20:12:39 Asia/Jakarta] PHP Warning:  Undefined variable $image_url in D:\laragon\www\dino-management\modules\penjualan\index.php on line 707
[21-Dec-2025 20:12:55 Asia/Jakarta] PHP Warning:  Undefined variable $image_url in D:\laragon\www\dino-management\modules\penjualan\index.php on line 707
[21-Dec-2025 20:12:55 Asia/Jakarta] PHP Warning:  Undefined variable $image_url in D:\laragon\www\dino-management\modules\penjualan\index.php on line 707
[21-Dec-2025 20:12:55 Asia/Jakarta] PHP Warning:  Undefined variable $image_url in D:\laragon\www\dino-management\modules\penjualan\index.php on line 707
[21-Dec-2025 20:12:55 Asia/Jakarta] PHP Warning:  Undefined variable $image_url in D:\laragon\www\dino-management\modules\penjualan\index.php on line 707
[21-Dec-2025 20:12:55 Asia/Jakarta] PHP Warning:  Undefined variable $image_url in D:\laragon\www\dino-management\modules\penjualan\index.php on line 707
[21-Dec-2025 20:13:05 Asia/Jakarta] PHP Warning:  Undefined variable $image_url in D:\laragon\www\dino-management\modules\penjualan\index.php on line 707
[21-Dec-2025 20:13:05 Asia/Jakarta] PHP Warning:  Undefined variable $image_url in D:\laragon\www\dino-management\modules\penjualan\index.php on line 707
[21-Dec-2025 20:13:05 Asia/Jakarta] PHP Warning:  Undefined variable $image_url in D:\laragon\www\dino-management\modules\penjualan\index.php on line 707
[21-Dec-2025 20:13:05 Asia/Jakarta] PHP Warning:  Undefined variable $image_url in D:\laragon\www\dino-management\modules\penjualan\index.php on line 707
[21-Dec-2025 20:13:05 Asia/Jakarta] PHP Warning:  Undefined variable $image_url in D:\laragon\www\dino-management\modules\penjualan\index.php on line 707
[21-Dec-2025 20:13:27 Asia/Jakarta] PHP Warning:  Undefined variable $image_url in D:\laragon\www\dino-management\modules\penjualan\index.php on line 707
[21-Dec-2025 20:13:27 Asia/Jakarta] PHP Warning:  Undefined variable $image_url in D:\laragon\www\dino-management\modules\penjualan\index.php on line 707
[21-Dec-2025 20:13:27 Asia/Jakarta] PHP Warning:  Undefined variable $image_url in D:\laragon\www\dino-management\modules\penjualan\index.php on line 707
[21-Dec-2025 20:13:27 Asia/Jakarta] PHP Warning:  Undefined variable $image_url in D:\laragon\www\dino-management\modules\penjualan\index.php on line 707
[21-Dec-2025 20:13:27 Asia/Jakarta] PHP Warning:  Undefined variable $image_url in D:\laragon\www\dino-management\modules\penjualan\index.php on line 707
[21-Dec-2025 20:13:39 Asia/Jakarta] PHP Warning:  Undefined variable $image_url in D:\laragon\www\dino-management\modules\penjualan\index.php on line 707
[21-Dec-2025 20:13:39 Asia/Jakarta] PHP Warning:  Undefined variable $image_url in D:\laragon\www\dino-management\modules\penjualan\index.php on line 707
[21-Dec-2025 20:13:39 Asia/Jakarta] PHP Warning:  Undefined variable $image_url in D:\laragon\www\dino-management\modules\penjualan\index.php on line 707
[21-Dec-2025 20:13:39 Asia/Jakarta] PHP Warning:  Undefined variable $image_url in D:\laragon\www\dino-management\modules\penjualan\index.php on line 707
[21-Dec-2025 20:13:39 Asia/Jakarta] PHP Warning:  Undefined variable $image_url in D:\laragon\www\dino-management\modules\penjualan\index.php on line 707
[23-Dec-2025 14:00:11 Asia/Jakarta] PHP Warning:  Undefined variable $badge_class in D:\laragon\www\dino-management\modules\penjualan\index.php on line 967
[23-Dec-2025 14:00:11 Asia/Jakarta] PHP Warning:  Undefined variable $badge_icon in D:\laragon\www\dino-management\modules\penjualan\index.php on line 968
[23-Dec-2025 14:00:11 Asia/Jakarta] PHP Warning:  Undefined variable $badge_text in D:\laragon\www\dino-management\modules\penjualan\index.php on line 969
[23-Dec-2025 14:00:11 Asia/Jakarta] PHP Warning:  Undefined variable $badge_class in D:\laragon\www\dino-management\modules\penjualan\index.php on line 967
[23-Dec-2025 14:00:11 Asia/Jakarta] PHP Warning:  Undefined variable $badge_icon in D:\laragon\www\dino-management\modules\penjualan\index.php on line 968
[23-Dec-2025 14:00:11 Asia/Jakarta] PHP Warning:  Undefined variable $badge_text in D:\laragon\www\dino-management\modules\penjualan\index.php on line 969
[23-Dec-2025 14:00:11 Asia/Jakarta] PHP Warning:  Undefined variable $badge_class in D:\laragon\www\dino-management\modules\penjualan\index.php on line 967
[23-Dec-2025 14:00:11 Asia/Jakarta] PHP Warning:  Undefined variable $badge_icon in D:\laragon\www\dino-management\modules\penjualan\index.php on line 968
[23-Dec-2025 14:00:11 Asia/Jakarta] PHP Warning:  Undefined variable $badge_text in D:\laragon\www\dino-management\modules\penjualan\index.php on line 969
[23-Dec-2025 14:00:11 Asia/Jakarta] PHP Warning:  Undefined variable $badge_class in D:\laragon\www\dino-management\modules\penjualan\index.php on line 967
[23-Dec-2025 14:00:11 Asia/Jakarta] PHP Warning:  Undefined variable $badge_icon in D:\laragon\www\dino-management\modules\penjualan\index.php on line 968
[23-Dec-2025 14:00:11 Asia/Jakarta] PHP Warning:  Undefined variable $badge_text in D:\laragon\www\dino-management\modules\penjualan\index.php on line 969
[23-Dec-2025 14:00:11 Asia/Jakarta] PHP Warning:  Undefined variable $badge_class in D:\laragon\www\dino-management\modules\penjualan\index.php on line 967
[23-Dec-2025 14:00:11 Asia/Jakarta] PHP Warning:  Undefined variable $badge_icon in D:\laragon\www\dino-management\modules\penjualan\index.php on line 968
[23-Dec-2025 14:00:11 Asia/Jakarta] PHP Warning:  Undefined variable $badge_text in D:\laragon\www\dino-management\modules\penjualan\index.php on line 969
